00000000 c7fe                LGOTO    0x1; __nyc_ny8_startup=0x1
__nyc_ny8_startup:
00000001 d7fc                LCALL    0x3; ___cinit_load__=0x3
00000002 c7d0                LGOTO    0x2f; _main=0x2f
___cinit_load__:
___cinit_run__:
crt0.o:crt0_end:
00000003 ffef                RET
00000008 c7f6                LGOTO    0x9; _isr=0x9
_isr:
main.o:__sdcc_interrupt:
00000009 ff6d                MOVAR    0x12
0000000a eafc                SWAPR    STATUS, ToAcc
0000000b fd7c                CLRR     STATUS
0000000c ff6e                MOVAR    0x11
0000000d fef5                MOVR     PCHBUF, ToAcc
0000000e fd75                CLRR     PCHBUF
0000000f ff6f                MOVAR    0x10
00000010 fefb                MOVR     FSR, ToAcc
00000011 ff63                MOVAR    0x1c
00000012 feeb                MOVR     0x14, ToAcc
00000013 ff62                MOVAR    0x1d
00000014 feec                MOVR     0x13, ToAcc
00000015 ff61                MOVAR    0x1e
00000016 f7f0                BTRSS    INTF, T0IF
00000017 c7e3                LGOTO    0x1c; main.o:_02054_DS_=0x1c
00000018 de5d                MOVIA    0xa2
00000019 ff7e                MOVAR    TMR0
0000001a de01                MOVIA    0xfe
0000001b ff70                MOVAR    INTF
main.o:_02054_DS_:
0000001c f670                BTRSS    INTF, T1IF
0000001d c7de                LGOTO    0x21; main.o:_02057_DS_=0x21
0000001e de08                MOVIA    0xf7
0000001f ff70                MOVAR    INTF
00000020 e7e5                BSR      0x1a, 0x0
main.o:_02057_DS_:
00000021 fee1                MOVR     0x1e, ToAcc
00000022 ff6c                MOVAR    0x13
00000023 fee2                MOVR     0x1d, ToAcc
00000024 ff6b                MOVAR    0x14
00000025 fee3                MOVR     0x1c, ToAcc
00000026 ff7b                MOVAR    FSR
00000027 feef                MOVR     0x10, ToAcc
00000028 ff75                MOVAR    PCHBUF
00000029 fd7c                CLRR     STATUS
0000002a eaee                SWAPR    0x11, ToAcc
0000002b ff7c                MOVAR    STATUS
0000002c ea6d                SWAPR    0x12, ToReg
0000002d eaed                SWAPR    0x12, ToAcc
main.o:END_OF_INTERRUPT:
0000002e ffee                RETIE
_main:
0000002f d795                LCALL    0x6a; _Initialize_GPIO=0x6a
00000030 d7a8                LCALL    0x57; _Initialize_RAM=0x57
00000031 d79d                LCALL    0x62; _Initialize_Timer1=0x62
00000032 fffb                ENI
00000033 fe79                MOVR     PORTB, ToReg
main.o:_02067_DS_:
00000034 fffd                CLRWDT
00000035 f7e5                BTRSS    0x1a, 0x0
00000036 c7cb                LGOTO    0x34; main.o:_02067_DS_=0x34
00000037 e3e5                BCR      0x1a, 0x0
00000038 defe                MOVIA    0x1
00000039 ed79                XORAR    PORTB, ToReg
0000003a fa6a                INCR     0x15, ToReg
0000003b feea                MOVR     0x15, ToAcc
0000003c db37                XORIA    0xc8
0000003d f6fc                BTRSS    STATUS, Z
0000003e c7cb                LGOTO    0x34; main.o:_02067_DS_=0x34
0000003f fd6a                CLRR     0x15
00000040 d7bc                LCALL    0x43; _Scan_key=0x43
00000041 c7cb                LGOTO    0x34; main.o:_02067_DS_=0x34
00000042 ffef                RET
_Scan_key:
00000043 fee9                MOVR     0x16, ToAcc
00000044 ff68                MOVAR    0x17
00000045 f8f9                COMR     PORTB, ToAcc
00000046 ff64                MOVAR    0x1b
00000047 dedf                MOVIA    0x20
00000048 efe4                ANDAR    0x1b, ToAcc
00000049 ff69                MOVAR    0x16
0000004a f8e8                COMR     0x17, ToAcc
0000004b ff64                MOVAR    0x1b
0000004c fee9                MOVR     0x16, ToAcc
0000004d efe4                ANDAR    0x1b, ToAcc
0000004e ff67                MOVAR    0x18
0000004f fee9                MOVR     0x16, ToAcc
00000050 efe8                ANDAR    0x17, ToAcc
00000051 ff66                MOVAR    0x19
00000052 f567                BTRSS    0x18, 0x5
00000053 c7a9                LGOTO    0x56; main.o:_02074_DS_=0x56
00000054 defe                MOVIA    0x1
00000055 ff66                MOVAR    0x19
main.o:_02074_DS_:
00000056 ffef                RET
_Initialize_RAM:
00000057 deef                MOVIA    0x10
00000058 ff40                MOVAR    0x3f
main.o:_02018_DS_:
00000059 fec0                MOVR     0x3f, ToAcc
0000005a ff7b                MOVAR    FSR
0000005b fd7f                CLRR     INDF
0000005c fa40                INCR     0x3f, ToReg
0000005d dec3                MOVIA    0x3c
0000005e fbc0                SUBAR    0x3f, ToAcc
0000005f f7fc                BTRSS    STATUS, C
00000060 c7a6                LGOTO    0x59; main.o:_02018_DS_=0x59
00000061 ffef                RET
_Initialize_Timer1:
00000062 de9c                MOVIA    0x63
00000063 ffdf                SFUN     TMR1
00000064 defc                MOVIA    0x3
00000065 ffde                SFUN     T1CR1
00000066 fdff                CLRA
00000067 ffdd                SFUN     T1CR2
00000068 e671                BSR      INTE, T1IE
00000069 ffef                RET
_Initialize_GPIO:
0000006a de0c                MOVIA    0xf3
0000006b ff73                MOVAR    BPHCON
0000006c def3                MOVIA    0xc
0000006d fff9                IOST     IOSTB
0000006e de00                MOVIA    0xff
0000006f ff79                MOVAR    PORTB
00000070 fd76                CLRR     BWUCON
00000071 ffef                RET
__checksum:
__CHECKSUM_ADDR__:
